Determining if files sys/endian.h exist failed with the following output:
Change Dir: /mnt/d/klient-server/JOPA/Client-ServerLab1/CMakeFiles/CMakeTmp

Run Build Command(s):/usr/bin/gmake -f Makefile cmTC_0fbda/fast && /usr/bin/gmake  -f CMakeFiles/cmTC_0fbda.dir/build.make CMakeFiles/cmTC_0fbda.dir/build
gmake[1]: Entering directory '/mnt/d/klient-server/JOPA/Client-ServerLab1/CMakeFiles/CMakeTmp'
Building C object CMakeFiles/cmTC_0fbda.dir/HAVE_SYS_ENDIAN_H.c.o
/usr/bin/cc    -o CMakeFiles/cmTC_0fbda.dir/HAVE_SYS_ENDIAN_H.c.o -c /mnt/d/klient-server/JOPA/Client-ServerLab1/CMakeFiles/CheckIncludeFiles/HAVE_SYS_ENDIAN_H.c
/mnt/d/klient-server/JOPA/Client-ServerLab1/CMakeFiles/CheckIncludeFiles/HAVE_SYS_ENDIAN_H.c:2:10: fatal error: sys/endian.h: No such file or directory
    2 | #include <sys/endian.h>
      |          ^~~~~~~~~~~~~~
compilation terminated.
gmake[1]: *** [CMakeFiles/cmTC_0fbda.dir/build.make:78: CMakeFiles/cmTC_0fbda.dir/HAVE_SYS_ENDIAN_H.c.o] Error 1
gmake[1]: Leaving directory '/mnt/d/klient-server/JOPA/Client-ServerLab1/CMakeFiles/CMakeTmp'
gmake: *** [Makefile:127: cmTC_0fbda/fast] Error 2


Source:
/* */
#include <sys/endian.h>


int main(void){return 0;}

Determining if the gettid exist failed with the following output:
Change Dir: /mnt/d/klient-server/JOPA/Client-ServerLab1/CMakeFiles/CMakeTmp

Run Build Command(s):/usr/bin/gmake -f Makefile cmTC_5a06d/fast && /usr/bin/gmake  -f CMakeFiles/cmTC_5a06d.dir/build.make CMakeFiles/cmTC_5a06d.dir/build
gmake[1]: Entering directory '/mnt/d/klient-server/JOPA/Client-ServerLab1/CMakeFiles/CMakeTmp'
Building C object CMakeFiles/cmTC_5a06d.dir/CheckSymbolExists.c.o
/usr/bin/cc    -o CMakeFiles/cmTC_5a06d.dir/CheckSymbolExists.c.o -c /mnt/d/klient-server/JOPA/Client-ServerLab1/CMakeFiles/CMakeTmp/CheckSymbolExists.c
/mnt/d/klient-server/JOPA/Client-ServerLab1/CMakeFiles/CMakeTmp/CheckSymbolExists.c: In function ‘main’:
/mnt/d/klient-server/JOPA/Client-ServerLab1/CMakeFiles/CMakeTmp/CheckSymbolExists.c:8:19: error: ‘gettid’ undeclared (first use in this function); did you mean ‘getgid’?
    8 |   return ((int*)(&gettid))[argc];
      |                   ^~~~~~
      |                   getgid
/mnt/d/klient-server/JOPA/Client-ServerLab1/CMakeFiles/CMakeTmp/CheckSymbolExists.c:8:19: note: each undeclared identifier is reported only once for each function it appears in
gmake[1]: *** [CMakeFiles/cmTC_5a06d.dir/build.make:78: CMakeFiles/cmTC_5a06d.dir/CheckSymbolExists.c.o] Error 1
gmake[1]: Leaving directory '/mnt/d/klient-server/JOPA/Client-ServerLab1/CMakeFiles/CMakeTmp'
gmake: *** [Makefile:127: cmTC_5a06d/fast] Error 2


File /mnt/d/klient-server/JOPA/Client-ServerLab1/CMakeFiles/CMakeTmp/CheckSymbolExists.c:
/* */
#include <unistd.h>

int main(int argc, char** argv)
{
  (void)argv;
#ifndef gettid
  return ((int*)(&gettid))[argc];
#else
  (void)argc;
  return 0;
#endif
}
Determining if the strlcpy exist failed with the following output:
Change Dir: /mnt/d/klient-server/JOPA/Client-ServerLab1/CMakeFiles/CMakeTmp

Run Build Command(s):/usr/bin/gmake -f Makefile cmTC_a356f/fast && /usr/bin/gmake  -f CMakeFiles/cmTC_a356f.dir/build.make CMakeFiles/cmTC_a356f.dir/build
gmake[1]: Entering directory '/mnt/d/klient-server/JOPA/Client-ServerLab1/CMakeFiles/CMakeTmp'
Building C object CMakeFiles/cmTC_a356f.dir/CheckSymbolExists.c.o
/usr/bin/cc    -o CMakeFiles/cmTC_a356f.dir/CheckSymbolExists.c.o -c /mnt/d/klient-server/JOPA/Client-ServerLab1/CMakeFiles/CMakeTmp/CheckSymbolExists.c
/mnt/d/klient-server/JOPA/Client-ServerLab1/CMakeFiles/CMakeTmp/CheckSymbolExists.c: In function ‘main’:
/mnt/d/klient-server/JOPA/Client-ServerLab1/CMakeFiles/CMakeTmp/CheckSymbolExists.c:8:19: error: ‘strlcpy’ undeclared (first use in this function); did you mean ‘strncpy’?
    8 |   return ((int*)(&strlcpy))[argc];
      |                   ^~~~~~~
      |                   strncpy
/mnt/d/klient-server/JOPA/Client-ServerLab1/CMakeFiles/CMakeTmp/CheckSymbolExists.c:8:19: note: each undeclared identifier is reported only once for each function it appears in
gmake[1]: *** [CMakeFiles/cmTC_a356f.dir/build.make:78: CMakeFiles/cmTC_a356f.dir/CheckSymbolExists.c.o] Error 1
gmake[1]: Leaving directory '/mnt/d/klient-server/JOPA/Client-ServerLab1/CMakeFiles/CMakeTmp'
gmake: *** [Makefile:127: cmTC_a356f/fast] Error 2


File /mnt/d/klient-server/JOPA/Client-ServerLab1/CMakeFiles/CMakeTmp/CheckSymbolExists.c:
/* */
#include <string.h>

int main(int argc, char** argv)
{
  (void)argv;
#ifndef strlcpy
  return ((int*)(&strlcpy))[argc];
#else
  (void)argc;
  return 0;
#endif
}
Determining if the strlcat exist failed with the following output:
Change Dir: /mnt/d/klient-server/JOPA/Client-ServerLab1/CMakeFiles/CMakeTmp

Run Build Command(s):/usr/bin/gmake -f Makefile cmTC_0ba5f/fast && /usr/bin/gmake  -f CMakeFiles/cmTC_0ba5f.dir/build.make CMakeFiles/cmTC_0ba5f.dir/build
gmake[1]: Entering directory '/mnt/d/klient-server/JOPA/Client-ServerLab1/CMakeFiles/CMakeTmp'
Building C object CMakeFiles/cmTC_0ba5f.dir/CheckSymbolExists.c.o
/usr/bin/cc    -o CMakeFiles/cmTC_0ba5f.dir/CheckSymbolExists.c.o -c /mnt/d/klient-server/JOPA/Client-ServerLab1/CMakeFiles/CMakeTmp/CheckSymbolExists.c
/mnt/d/klient-server/JOPA/Client-ServerLab1/CMakeFiles/CMakeTmp/CheckSymbolExists.c: In function ‘main’:
/mnt/d/klient-server/JOPA/Client-ServerLab1/CMakeFiles/CMakeTmp/CheckSymbolExists.c:8:19: error: ‘strlcat’ undeclared (first use in this function); did you mean ‘strncat’?
    8 |   return ((int*)(&strlcat))[argc];
      |                   ^~~~~~~
      |                   strncat
/mnt/d/klient-server/JOPA/Client-ServerLab1/CMakeFiles/CMakeTmp/CheckSymbolExists.c:8:19: note: each undeclared identifier is reported only once for each function it appears in
gmake[1]: *** [CMakeFiles/cmTC_0ba5f.dir/build.make:78: CMakeFiles/cmTC_0ba5f.dir/CheckSymbolExists.c.o] Error 1
gmake[1]: Leaving directory '/mnt/d/klient-server/JOPA/Client-ServerLab1/CMakeFiles/CMakeTmp'
gmake: *** [Makefile:127: cmTC_0ba5f/fast] Error 2


File /mnt/d/klient-server/JOPA/Client-ServerLab1/CMakeFiles/CMakeTmp/CheckSymbolExists.c:
/* */
#include <string.h>

int main(int argc, char** argv)
{
  (void)argv;
#ifndef strlcat
  return ((int*)(&strlcat))[argc];
#else
  (void)argc;
  return 0;
#endif
}
Determining if the setproctitle exist failed with the following output:
Change Dir: /mnt/d/klient-server/JOPA/Client-ServerLab1/CMakeFiles/CMakeTmp

Run Build Command(s):/usr/bin/gmake -f Makefile cmTC_d866f/fast && /usr/bin/gmake  -f CMakeFiles/cmTC_d866f.dir/build.make CMakeFiles/cmTC_d866f.dir/build
gmake[1]: Entering directory '/mnt/d/klient-server/JOPA/Client-ServerLab1/CMakeFiles/CMakeTmp'
Building C object CMakeFiles/cmTC_d866f.dir/CheckSymbolExists.c.o
/usr/bin/cc    -o CMakeFiles/cmTC_d866f.dir/CheckSymbolExists.c.o -c /mnt/d/klient-server/JOPA/Client-ServerLab1/CMakeFiles/CMakeTmp/CheckSymbolExists.c
/mnt/d/klient-server/JOPA/Client-ServerLab1/CMakeFiles/CMakeTmp/CheckSymbolExists.c: In function ‘main’:
/mnt/d/klient-server/JOPA/Client-ServerLab1/CMakeFiles/CMakeTmp/CheckSymbolExists.c:8:19: error: ‘setproctitle’ undeclared (first use in this function)
    8 |   return ((int*)(&setproctitle))[argc];
      |                   ^~~~~~~~~~~~
/mnt/d/klient-server/JOPA/Client-ServerLab1/CMakeFiles/CMakeTmp/CheckSymbolExists.c:8:19: note: each undeclared identifier is reported only once for each function it appears in
gmake[1]: *** [CMakeFiles/cmTC_d866f.dir/build.make:78: CMakeFiles/cmTC_d866f.dir/CheckSymbolExists.c.o] Error 1
gmake[1]: Leaving directory '/mnt/d/klient-server/JOPA/Client-ServerLab1/CMakeFiles/CMakeTmp'
gmake: *** [Makefile:127: cmTC_d866f/fast] Error 2


File /mnt/d/klient-server/JOPA/Client-ServerLab1/CMakeFiles/CMakeTmp/CheckSymbolExists.c:
/* */
#include <unistd.h>

int main(int argc, char** argv)
{
  (void)argv;
#ifndef setproctitle
  return ((int*)(&setproctitle))[argc];
#else
  (void)argc;
  return 0;
#endif
}
